<?xml version="1.0" encoding="UTF-8"?>
<robot generator="Robot 4.0.3 (Python 3.9.6 on win32)" generated="20210907 20:24:42.898" rpa="false" schemaversion="2">
<suite id="s1" name="Testcases" source="C:\magalu_projeto\tests\testcases.robot">
<test id="s1-t1" name="Scenario 1: Search the products">
<kw name="Given the Magazine Luiza site is visible" library="BDD" sourcename="Given ${keyword}">
<kw name="Run Keyword" library="BuiltIn">
<arg>${keyword}</arg>
<doc>Executes the given keyword with the given arguments.</doc>
<kw name="the Magazine Luiza site is visible" library="keywords">
<kw name="Open Browser" library="SeleniumLibrary">
<arg>${URL}</arg>
<arg>${BROWSER}</arg>
<doc>Opens a new browser instance to the optional ``url``.</doc>
<msg timestamp="20210907 20:24:43.140" level="INFO">Opening browser 'chrome' to base url 'https://www.magazineluiza.com.br/'.</msg>
<status status="PASS" starttime="20210907 20:24:43.139" endtime="20210907 20:24:49.981"/>
</kw>
<kw name="Maximize Browser Window" library="SeleniumLibrary">
<doc>Maximizes current browser window.</doc>
<status status="PASS" starttime="20210907 20:24:49.981" endtime="20210907 20:24:50.434"/>
</kw>
<kw name="Sleep" library="BuiltIn">
<arg>2s</arg>
<doc>Pauses the test executed for the given time.</doc>
<msg timestamp="20210907 20:24:52.445" level="INFO">Slept 2 seconds</msg>
<status status="PASS" starttime="20210907 20:24:50.434" endtime="20210907 20:24:52.445"/>
</kw>
<status status="PASS" starttime="20210907 20:24:43.139" endtime="20210907 20:24:52.445"/>
</kw>
<status status="PASS" starttime="20210907 20:24:43.139" endtime="20210907 20:24:52.445"/>
</kw>
<status status="PASS" starttime="20210907 20:24:43.139" endtime="20210907 20:24:52.445"/>
</kw>
<kw name="And the user find any product with 'Iphone XS' text" library="BDD" sourcename="And ${keyword}">
<kw name="Run Keyword" library="BuiltIn">
<arg>${keyword}</arg>
<doc>Executes the given keyword with the given arguments.</doc>
<kw name="the user find any product with 'Iphone XS' text" library="keywords">
<kw name="Wait Until Element Is Visible" library="SeleniumLibrary">
<arg>${SEARCH_TAB}</arg>
<doc>Waits until the element ``locator`` is visible.</doc>
<status status="PASS" starttime="20210907 20:24:52.447" endtime="20210907 20:24:52.476"/>
</kw>
<kw name="Input Text" library="SeleniumLibrary">
<arg>${SEARCH_TAB}</arg>
<arg>Iphone XS</arg>
<doc>Types the given ``text`` into the text field identified by ``locator``.</doc>
<msg timestamp="20210907 20:24:52.477" level="INFO">Typing text 'Iphone XS' into text field '//*[@id="inpHeaderSearch"]'.</msg>
<status status="PASS" starttime="20210907 20:24:52.477" endtime="20210907 20:24:52.575"/>
</kw>
<status status="PASS" starttime="20210907 20:24:52.446" endtime="20210907 20:24:52.575"/>
</kw>
<status status="PASS" starttime="20210907 20:24:52.446" endtime="20210907 20:24:52.575"/>
</kw>
<status status="PASS" starttime="20210907 20:24:52.446" endtime="20210907 20:24:52.575"/>
</kw>
<kw name="And the user click in 'first' result" library="BDD" sourcename="And ${keyword}">
<kw name="Run Keyword" library="BuiltIn">
<arg>${keyword}</arg>
<doc>Executes the given keyword with the given arguments.</doc>
<kw name="the user click in 'first' result" library="keywords">
<kw name="Wait Until Element Is Visible" library="SeleniumLibrary">
<arg>${FIRST_SEARCH}</arg>
<doc>Waits until the element ``locator`` is visible.</doc>
<status status="PASS" starttime="20210907 20:24:52.577" endtime="20210907 20:24:53.904"/>
</kw>
<kw name="Click Element" library="SeleniumLibrary">
<arg>${FIRST_SEARCH}</arg>
<doc>Click the element identified by ``locator``.</doc>
<msg timestamp="20210907 20:24:53.904" level="INFO">Clicking element '//*[@id="__next"]/div[2]/div/div[1]/div/div[1]/header/div/div[1]/div/div/div[2]/div[2]/ul[2]/li[2]'.</msg>
<status status="PASS" starttime="20210907 20:24:53.904" endtime="20210907 20:24:57.264"/>
</kw>
<status status="PASS" starttime="20210907 20:24:52.577" endtime="20210907 20:24:57.265"/>
</kw>
<status status="PASS" starttime="20210907 20:24:52.576" endtime="20210907 20:24:57.265"/>
</kw>
<status status="PASS" starttime="20210907 20:24:52.576" endtime="20210907 20:24:57.265"/>
</kw>
<kw name="When the user find other product with 'TV Samsung' text" library="BDD" sourcename="When ${keyword}">
<kw name="Run Keyword" library="BuiltIn">
<arg>${keyword}</arg>
<doc>Executes the given keyword with the given arguments.</doc>
<kw name="the user find other product with 'TV Samsung' text" library="keywords">
<kw name="Wait Until Element Is Visible" library="SeleniumLibrary">
<arg>${SEARCH_TAB}</arg>
<doc>Waits until the element ``locator`` is visible.</doc>
<status status="PASS" starttime="20210907 20:24:57.267" endtime="20210907 20:24:57.330"/>
</kw>
<kw name="Input Text" library="SeleniumLibrary">
<arg>${SEARCH_TAB}</arg>
<arg>TV Samsung</arg>
<doc>Types the given ``text`` into the text field identified by ``locator``.</doc>
<msg timestamp="20210907 20:24:57.330" level="INFO">Typing text 'TV Samsung' into text field '//*[@id="inpHeaderSearch"]'.</msg>
<status status="PASS" starttime="20210907 20:24:57.330" endtime="20210907 20:24:57.421"/>
</kw>
<status status="PASS" starttime="20210907 20:24:57.266" endtime="20210907 20:24:57.421"/>
</kw>
<status status="PASS" starttime="20210907 20:24:57.266" endtime="20210907 20:24:57.421"/>
</kw>
<status status="PASS" starttime="20210907 20:24:57.265" endtime="20210907 20:24:57.422"/>
</kw>
<kw name="And the user press 'Enter' button" library="BDD" sourcename="And ${keyword}">
<kw name="Run Keyword" library="BuiltIn">
<arg>${keyword}</arg>
<doc>Executes the given keyword with the given arguments.</doc>
<kw name="the user press 'Enter' button" library="keywords">
<kw name="Press Keys" library="SeleniumLibrary">
<arg>${SEARCH_TAB}</arg>
<arg>ENTER</arg>
<doc>Simulates the user pressing key(s) to an element or on the active browser.</doc>
<msg timestamp="20210907 20:24:57.423" level="INFO">Sending key(s) ('ENTER',) to //*[@id="inpHeaderSearch"] element.</msg>
<msg timestamp="20210907 20:24:57.734" level="INFO">Pressing special key ENTER to element.</msg>
<msg timestamp="20210907 20:24:57.734" level="INFO">Releasing special key ENTER.</msg>
<status status="PASS" starttime="20210907 20:24:57.423" endtime="20210907 20:25:01.169"/>
</kw>
<kw name="Sleep" library="BuiltIn">
<arg>5s</arg>
<doc>Pauses the test executed for the given time.</doc>
<msg timestamp="20210907 20:25:06.173" level="INFO">Slept 5 seconds</msg>
<status status="PASS" starttime="20210907 20:25:01.170" endtime="20210907 20:25:06.173"/>
</kw>
<status status="PASS" starttime="20210907 20:24:57.422" endtime="20210907 20:25:06.173"/>
</kw>
<status status="PASS" starttime="20210907 20:24:57.422" endtime="20210907 20:25:06.173"/>
</kw>
<status status="PASS" starttime="20210907 20:24:57.422" endtime="20210907 20:25:06.173"/>
</kw>
<status status="PASS" starttime="20210907 20:24:43.138" endtime="20210907 20:25:06.174"/>
</test>
<test id="s1-t2" name="Scenario 2: Navigate in any pages">
<kw name="Given the user click in 'Entre ou Cadastre-se' link" library="BDD" sourcename="Given ${keyword}">
<kw name="Run Keyword" library="BuiltIn">
<arg>${keyword}</arg>
<doc>Executes the given keyword with the given arguments.</doc>
<kw name="the user click in 'Entre ou Cadastre-se' link" library="keywords">
<kw name="Run Keyword And Ignore Error" library="BuiltIn">
<arg>Click Element</arg>
<arg>${LINK}</arg>
<doc>Runs the given keyword with the given arguments and ignores possible error.</doc>
<kw name="Click Element" library="SeleniumLibrary">
<arg>${LINK}</arg>
<doc>Click the element identified by ``locator``.</doc>
<msg timestamp="20210907 20:25:06.176" level="INFO">Clicking element '//a[contains(., "Entre ou cadastre-se")]'.</msg>
<status status="PASS" starttime="20210907 20:25:06.176" endtime="20210907 20:25:11.289"/>
</kw>
<status status="PASS" starttime="20210907 20:25:06.175" endtime="20210907 20:25:11.289"/>
</kw>
<status status="PASS" starttime="20210907 20:25:06.175" endtime="20210907 20:25:11.289"/>
</kw>
<status status="PASS" starttime="20210907 20:25:06.175" endtime="20210907 20:25:11.289"/>
</kw>
<status status="PASS" starttime="20210907 20:25:06.175" endtime="20210907 20:25:11.289"/>
</kw>
<kw name="And the user go to 'Ofertas do dia' page" library="BDD" sourcename="And ${keyword}">
<kw name="Run Keyword" library="BuiltIn">
<arg>${keyword}</arg>
<doc>Executes the given keyword with the given arguments.</doc>
<kw name="the user go to 'Ofertas do dia' page" library="keywords">
<kw name="Run Keyword And Ignore Error" library="BuiltIn">
<arg>Wait Until Element Is Visible</arg>
<arg>${OFERTA_VAR}</arg>
<doc>Runs the given keyword with the given arguments and ignores possible error.</doc>
<kw name="Wait Until Element Is Visible" library="SeleniumLibrary">
<arg>${OFERTA_VAR}</arg>
<doc>Waits until the element ``locator`` is visible.</doc>
<status status="PASS" starttime="20210907 20:25:11.291" endtime="20210907 20:25:11.312"/>
</kw>
<status status="PASS" starttime="20210907 20:25:11.290" endtime="20210907 20:25:11.312"/>
</kw>
<kw name="Run Keyword And Ignore Error" library="BuiltIn">
<arg>Click Element</arg>
<arg>${OFERTA_VAR}</arg>
<doc>Runs the given keyword with the given arguments and ignores possible error.</doc>
<kw name="Click Element" library="SeleniumLibrary">
<arg>${OFERTA_VAR}</arg>
<doc>Click the element identified by ``locator``.</doc>
<msg timestamp="20210907 20:25:11.313" level="INFO">Clicking element '//a[contains(., "Ofertas do dia")]'.</msg>
<status status="PASS" starttime="20210907 20:25:11.312" endtime="20210907 20:25:14.380"/>
</kw>
<status status="PASS" starttime="20210907 20:25:11.312" endtime="20210907 20:25:14.381"/>
</kw>
<status status="PASS" starttime="20210907 20:25:11.290" endtime="20210907 20:25:14.381"/>
</kw>
<status status="PASS" starttime="20210907 20:25:11.290" endtime="20210907 20:25:14.381"/>
</kw>
<status status="PASS" starttime="20210907 20:25:11.289" endtime="20210907 20:25:14.381"/>
</kw>
<kw name="And the user go to 'Celulares' page" library="BDD" sourcename="And ${keyword}">
<kw name="Run Keyword" library="BuiltIn">
<arg>${keyword}</arg>
<doc>Executes the given keyword with the given arguments.</doc>
<kw name="the user go to 'Celulares' page" library="keywords">
<kw name="Wait Until Element Is Visible" library="SeleniumLibrary">
<arg>${CELULARES_VAR}</arg>
<doc>Waits until the element ``locator`` is visible.</doc>
<status status="PASS" starttime="20210907 20:25:14.383" endtime="20210907 20:25:14.403"/>
</kw>
<kw name="Click Element" library="SeleniumLibrary">
<arg>${CELULARES_VAR}</arg>
<doc>Click the element identified by ``locator``.</doc>
<msg timestamp="20210907 20:25:14.403" level="INFO">Clicking element '//a[contains(., "Celulares")]'.</msg>
<status status="PASS" starttime="20210907 20:25:14.403" endtime="20210907 20:25:17.090"/>
</kw>
<status status="PASS" starttime="20210907 20:25:14.383" endtime="20210907 20:25:17.091"/>
</kw>
<status status="PASS" starttime="20210907 20:25:14.382" endtime="20210907 20:25:17.091"/>
</kw>
<status status="PASS" starttime="20210907 20:25:14.382" endtime="20210907 20:25:17.091"/>
</kw>
<kw name="And the user go to 'Móveis' page" library="BDD" sourcename="And ${keyword}">
<kw name="Run Keyword" library="BuiltIn">
<arg>${keyword}</arg>
<doc>Executes the given keyword with the given arguments.</doc>
<kw name="the user go to 'Móveis' page" library="keywords">
<kw name="Wait Until Element Is Visible" library="SeleniumLibrary">
<arg>${MOVEIS_VAR}</arg>
<doc>Waits until the element ``locator`` is visible.</doc>
<status status="PASS" starttime="20210907 20:25:17.093" endtime="20210907 20:25:17.117"/>
</kw>
<kw name="Click Element" library="SeleniumLibrary">
<arg>${MOVEIS_VAR}</arg>
<doc>Click the element identified by ``locator``.</doc>
<msg timestamp="20210907 20:25:17.117" level="INFO">Clicking element '//a[contains(., "Móveis")]'.</msg>
<status status="PASS" starttime="20210907 20:25:17.117" endtime="20210907 20:25:19.835"/>
</kw>
<status status="PASS" starttime="20210907 20:25:17.093" endtime="20210907 20:25:19.835"/>
</kw>
<status status="PASS" starttime="20210907 20:25:17.092" endtime="20210907 20:25:19.835"/>
</kw>
<status status="PASS" starttime="20210907 20:25:17.091" endtime="20210907 20:25:19.836"/>
</kw>
<kw name="And the user go to 'Eletrodomésticos' page" library="BDD" sourcename="And ${keyword}">
<kw name="Run Keyword" library="BuiltIn">
<arg>${keyword}</arg>
<doc>Executes the given keyword with the given arguments.</doc>
<kw name="the user go to 'Eletrodomésticos' page" library="keywords">
<kw name="Wait Until Element Is Visible" library="SeleniumLibrary">
<arg>${ELETRO_VAR}</arg>
<doc>Waits until the element ``locator`` is visible.</doc>
<status status="PASS" starttime="20210907 20:25:19.837" endtime="20210907 20:25:19.856"/>
</kw>
<kw name="Click Element" library="SeleniumLibrary">
<arg>${ELETRO_VAR}</arg>
<doc>Click the element identified by ``locator``.</doc>
<msg timestamp="20210907 20:25:19.856" level="INFO">Clicking element '//a[contains(., "Eletrodomésticos")]'.</msg>
<status status="PASS" starttime="20210907 20:25:19.856" endtime="20210907 20:25:22.436"/>
</kw>
<status status="PASS" starttime="20210907 20:25:19.836" endtime="20210907 20:25:22.436"/>
</kw>
<status status="PASS" starttime="20210907 20:25:19.836" endtime="20210907 20:25:22.436"/>
</kw>
<status status="PASS" starttime="20210907 20:25:19.836" endtime="20210907 20:25:22.436"/>
</kw>
<kw name="And the user go to 'TV e Vídeo' page" library="BDD" sourcename="And ${keyword}">
<kw name="Run Keyword" library="BuiltIn">
<arg>${keyword}</arg>
<doc>Executes the given keyword with the given arguments.</doc>
<kw name="the user go to 'TV e Vídeo' page" library="keywords">
<kw name="Wait Until Element Is Visible" library="SeleniumLibrary">
<arg>${TV_VAR}</arg>
<doc>Waits until the element ``locator`` is visible.</doc>
<status status="PASS" starttime="20210907 20:25:22.438" endtime="20210907 20:25:22.504"/>
</kw>
<kw name="Click Element" library="SeleniumLibrary">
<arg>${TV_VAR}</arg>
<doc>Click the element identified by ``locator``.</doc>
<msg timestamp="20210907 20:25:22.504" level="INFO">Clicking element '//a[contains(., "Tv e Vídeo")]'.</msg>
<status status="PASS" starttime="20210907 20:25:22.504" endtime="20210907 20:25:22.635"/>
</kw>
<status status="PASS" starttime="20210907 20:25:22.437" endtime="20210907 20:25:22.636"/>
</kw>
<status status="PASS" starttime="20210907 20:25:22.437" endtime="20210907 20:25:22.636"/>
</kw>
<status status="PASS" starttime="20210907 20:25:22.437" endtime="20210907 20:25:22.636"/>
</kw>
<kw name="And the user go to 'Informática' page" library="BDD" sourcename="And ${keyword}">
<kw name="Run Keyword" library="BuiltIn">
<arg>${keyword}</arg>
<doc>Executes the given keyword with the given arguments.</doc>
<kw name="the user go to 'Informática' page" library="keywords">
<kw name="Wait Until Element Is Visible" library="SeleniumLibrary">
<arg>${INFO_VAR}</arg>
<doc>Waits until the element ``locator`` is visible.</doc>
<status status="PASS" starttime="20210907 20:25:22.638" endtime="20210907 20:25:25.788"/>
</kw>
<kw name="Click Element" library="SeleniumLibrary">
<arg>${INFO_VAR}</arg>
<doc>Click the element identified by ``locator``.</doc>
<msg timestamp="20210907 20:25:25.789" level="INFO">Clicking element '//a[contains(., "Informática")]'.</msg>
<status status="PASS" starttime="20210907 20:25:25.788" endtime="20210907 20:25:29.114"/>
</kw>
<status status="PASS" starttime="20210907 20:25:22.637" endtime="20210907 20:25:29.114"/>
</kw>
<status status="PASS" starttime="20210907 20:25:22.637" endtime="20210907 20:25:29.114"/>
</kw>
<status status="PASS" starttime="20210907 20:25:22.636" endtime="20210907 20:25:29.114"/>
</kw>
<kw name="When the user click in 'Cashback do Milhao'" library="BDD" sourcename="When ${keyword}">
<kw name="Run Keyword" library="BuiltIn">
<arg>${keyword}</arg>
<doc>Executes the given keyword with the given arguments.</doc>
<kw name="the user click in 'Cashback do Milhao'" library="keywords">
<kw name="Run Keyword And Ignore Error" library="BuiltIn">
<arg>Wait Until Element Is Visible</arg>
<arg>${SALDAO_VAR}</arg>
<doc>Runs the given keyword with the given arguments and ignores possible error.</doc>
<kw name="Wait Until Element Is Visible" library="SeleniumLibrary">
<arg>${SALDAO_VAR}</arg>
<doc>Waits until the element ``locator`` is visible.</doc>
<status status="PASS" starttime="20210907 20:25:29.116" endtime="20210907 20:25:29.166"/>
</kw>
<status status="PASS" starttime="20210907 20:25:29.116" endtime="20210907 20:25:29.166"/>
</kw>
<kw name="Run Keyword And Ignore Error" library="BuiltIn">
<arg>Click Element</arg>
<arg>${SALDAO_VAR}</arg>
<doc>Runs the given keyword with the given arguments and ignores possible error.</doc>
<kw name="Click Element" library="SeleniumLibrary">
<arg>${SALDAO_VAR}</arg>
<doc>Click the element identified by ``locator``.</doc>
<msg timestamp="20210907 20:25:29.167" level="INFO">Clicking element '//a[contains(., "Cashback do Milhão")]'.</msg>
<status status="PASS" starttime="20210907 20:25:29.166" endtime="20210907 20:25:31.300"/>
</kw>
<status status="PASS" starttime="20210907 20:25:29.166" endtime="20210907 20:25:31.300"/>
</kw>
<status status="PASS" starttime="20210907 20:25:29.116" endtime="20210907 20:25:31.300"/>
</kw>
<status status="PASS" starttime="20210907 20:25:29.115" endtime="20210907 20:25:31.300"/>
</kw>
<status status="PASS" starttime="20210907 20:25:29.115" endtime="20210907 20:25:31.300"/>
</kw>
<kw name="Then the 'Cashback do Milhao' banner should be visible" library="BDD" sourcename="Then ${keyword}">
<kw name="Run Keyword" library="BuiltIn">
<arg>${keyword}</arg>
<doc>Executes the given keyword with the given arguments.</doc>
<kw name="the 'Cashback do Milhao' banner should be visible" library="keywords">
<kw name="Element Should Be Visible" library="SeleniumLibrary">
<arg>${SALDAO_BANNER}</arg>
<doc>Verifies that the element identified by ``locator`` is visible.</doc>
<msg timestamp="20210907 20:25:31.318" level="INFO">Element '//*[@id="__next"]/div/div/div[4]/a/img' is displayed.</msg>
<status status="PASS" starttime="20210907 20:25:31.302" endtime="20210907 20:25:31.318"/>
</kw>
<status status="PASS" starttime="20210907 20:25:31.301" endtime="20210907 20:25:31.319"/>
</kw>
<status status="PASS" starttime="20210907 20:25:31.301" endtime="20210907 20:25:31.319"/>
</kw>
<status status="PASS" starttime="20210907 20:25:31.301" endtime="20210907 20:25:31.319"/>
</kw>
<status status="PASS" starttime="20210907 20:25:06.174" endtime="20210907 20:25:31.319"/>
</test>
<kw name="Close Browser" library="SeleniumLibrary" type="TEARDOWN">
<doc>Closes the current browser.</doc>
<status status="PASS" starttime="20210907 20:25:31.320" endtime="20210907 20:25:33.652"/>
</kw>
<status status="PASS" starttime="20210907 20:24:42.900" endtime="20210907 20:25:33.653"/>
</suite>
<statistics>
<total>
<stat pass="2" fail="0" skip="0">All Tests</stat>
</total>
<tag>
</tag>
<suite>
<stat pass="2" fail="0" skip="0" id="s1" name="Testcases">Testcases</stat>
</suite>
</statistics>
<errors>
</errors>
</robot>
